[2018-01-23 12:48:43] dev.ERROR: ErrorException: file_get_contents(/var/www/html/laravel-test/.env): failed to open stream: No such file or directory in /var/www/html/laravel-test/vendor/laravel/framework/src/Illuminate/Foundation/Console/KeyGenerateCommand.php:95
Stack trace:
#0 [internal function]: Illuminate\Foundation\Bootstrap\HandleExceptions->handleError(2, 'file_get_conten...', '/var/www/html/l...', 95, Array)
#1 /var/www/html/laravel-test/vendor/laravel/framework/src/Illuminate/Foundation/Console/KeyGenerateCommand.php(95): file_get_contents('/var/www/html/l...')
#2 /var/www/html/laravel-test/vendor/laravel/framework/src/Illuminate/Foundation/Console/KeyGenerateCommand.php(79): Illuminate\Foundation\Console\KeyGenerateCommand->writeNewEnvironmentFileWith('base64:tHUp8lJr...')
#3 /var/www/html/laravel-test/vendor/laravel/framework/src/Illuminate/Foundation/Console/KeyGenerateCommand.php(44): Illuminate\Foundation\Console\KeyGenerateCommand->setKeyInEnvironmentFile('base64:tHUp8lJr...')
#4 [internal function]: Illuminate\Foundation\Console\KeyGenerateCommand->fire()
#5 /var/www/html/laravel-test/vendor/laravel/framework/src/Illuminate/Container/BoundMethod.php(29): call_user_func_array(Array, Array)
#6 /var/www/html/laravel-test/vendor/laravel/framework/src/Illuminate/Container/BoundMethod.php(87): Illuminate\Container\BoundMethod::Illuminate\Container\{closure}()
#7 /var/www/html/laravel-test/vendor/laravel/framework/src/Illuminate/Container/BoundMethod.php(31): Illuminate\Container\BoundMethod::callBoundMethod(Object(Illuminate\Foundation\Application), Array, Object(Closure))
#8 /var/www/html/laravel-test/vendor/laravel/framework/src/Illuminate/Container/Container.php(539): Illuminate\Container\BoundMethod::call(Object(Illuminate\Foundation\Application), Array, Array, NULL)
#9 /var/www/html/laravel-test/vendor/laravel/framework/src/Illuminate/Console/Command.php(182): Illuminate\Container\Container->call(Array)
#10 /var/www/html/laravel-test/vendor/symfony/console/Command/Command.php(252): Illuminate\Console\Command->execute(Object(Symfony\Component\Console\Input\ArgvInput), Object(Illuminate\Console\OutputStyle))
#11 /var/www/html/laravel-test/vendor/laravel/framework/src/Illuminate/Console/Command.php(167): Symfony\Component\Console\Command\Command->run(Object(Symfony\Component\Console\Input\ArgvInput), Object(Illuminate\Console\OutputStyle))
#12 /var/www/html/laravel-test/vendor/symfony/console/Application.php(938): Illuminate\Console\Command->run(Object(Symfony\Component\Console\Input\ArgvInput), Object(Symfony\Component\Console\Output\ConsoleOutput))
#13 /var/www/html/laravel-test/vendor/symfony/console/Application.php(240): Symfony\Component\Console\Application->doRunCommand(Object(Illuminate\Foundation\Console\KeyGenerateCommand), Object(Symfony\Component\Console\Input\ArgvInput), Object(Symfony\Component\Console\Output\ConsoleOutput))
#14 /var/www/html/laravel-test/vendor/symfony/console/Application.php(148): Symfony\Component\Console\Application->doRun(Object(Symfony\Component\Console\Input\ArgvInput), Object(Symfony\Component\Console\Output\ConsoleOutput))
#15 /var/www/html/laravel-test/vendor/laravel/framework/src/Illuminate/Foundation/Console/Kernel.php(122): Symfony\Component\Console\Application->run(Object(Symfony\Component\Console\Input\ArgvInput), Object(Symfony\Component\Console\Output\ConsoleOutput))
#16 /var/www/html/laravel-test/artisan(35): Illuminate\Foundation\Console\Kernel->handle(Object(Symfony\Component\Console\Input\ArgvInput), Object(Symfony\Component\Console\Output\ConsoleOutput))
#17 {main}  
[2018-04-03 05:38:35] dev.ERROR: RuntimeException: The only supported ciphers are AES-128-CBC and AES-256-CBC with the correct key lengths. in /var/www/html/laravel-test/vendor/laravel/framework/src/Illuminate/Encryption/Encrypter.php:43
Stack trace:
#0 /var/www/html/laravel-test/vendor/laravel/framework/src/Illuminate/Encryption/EncryptionServiceProvider.php(27): Illuminate\Encryption\Encrypter->__construct('', 'AES-256-CBC')
#1 /var/www/html/laravel-test/vendor/laravel/framework/src/Illuminate/Container/Container.php(726): Illuminate\Encryption\EncryptionServiceProvider->Illuminate\Encryption\{closure}(Object(Illuminate\Foundation\Application), Array)
#2 /var/www/html/laravel-test/vendor/laravel/framework/src/Illuminate/Container/Container.php(608): Illuminate\Container\Container->build(Object(Closure))
#3 /var/www/html/laravel-test/vendor/laravel/framework/src/Illuminate/Container/Container.php(575): Illuminate\Container\Container->resolve('encrypter')
#4 /var/www/html/laravel-test/vendor/laravel/framework/src/Illuminate/Foundation/Application.php(728): Illuminate\Container\Container->make('encrypter')
#5 /var/www/html/laravel-test/vendor/laravel/framework/src/Illuminate/Container/Container.php(862): Illuminate\Foundation\Application->make('encrypter')
#6 /var/www/html/laravel-test/vendor/laravel/framework/src/Illuminate/Container/Container.php(790): Illuminate\Container\Container->resolveClass(Object(ReflectionParameter))
#7 /var/www/html/laravel-test/vendor/laravel/framework/src/Illuminate/Container/Container.php(757): Illuminate\Container\Container->resolveDependencies(Array)
#8 /var/www/html/laravel-test/vendor/laravel/framework/src/Illuminate/Container/Container.php(608): Illuminate\Container\Container->build('SantoshLaravel\\...')
#9 /var/www/html/laravel-test/vendor/laravel/framework/src/Illuminate/Container/Container.php(575): Illuminate\Container\Container->resolve('SantoshLaravel\\...')
#10 /var/www/html/laravel-test/vendor/laravel/framework/src/Illuminate/Foundation/Application.php(728): Illuminate\Container\Container->make('SantoshLaravel\\...')
#11 /var/www/html/laravel-test/vendor/laravel/framework/src/Illuminate/Pipeline/Pipeline.php(138): Illuminate\Foundation\Application->make('SantoshLaravel\\...')
#12 /var/www/html/laravel-test/vendor/laravel/framework/src/Illuminate/Routing/Pipeline.php(53): Illuminate\Pipeline\Pipeline->Illuminate\Pipeline\{closure}(Object(Illuminate\Http\Request))
#13 /var/www/html/laravel-test/vendor/laravel/framework/src/Illuminate/Pipeline/Pipeline.php(102): Illuminate\Routing\Pipeline->Illuminate\Routing\{closure}(Object(Illuminate\Http\Request))
#14 /var/www/html/laravel-test/vendor/laravel/framework/src/Illuminate/Routing/Router.php(574): Illuminate\Pipeline\Pipeline->then(Object(Closure))
#15 /var/www/html/laravel-test/vendor/laravel/framework/src/Illuminate/Routing/Router.php(533): Illuminate\Routing\Router->runRouteWithinStack(Object(Illuminate\Routing\Route), Object(Illuminate\Http\Request))
#16 /var/www/html/laravel-test/vendor/laravel/framework/src/Illuminate/Routing/Router.php(511): Illuminate\Routing\Router->dispatchToRoute(Object(Illuminate\Http\Request))
#17 /var/www/html/laravel-test/vendor/laravel/framework/src/Illuminate/Foundation/Http/Kernel.php(176): Illuminate\Routing\Router->dispatch(Object(Illuminate\Http\Request))
#18 /var/www/html/laravel-test/vendor/laravel/framework/src/Illuminate/Routing/Pipeline.php(30): Illuminate\Foundation\Http\Kernel->Illuminate\Foundation\Http\{closure}(Object(Illuminate\Http\Request))
#19 /var/www/html/laravel-test/vendor/laravel/framework/src/Illuminate/Foundation/Http/Middleware/TransformsRequest.php(30): Illuminate\Routing\Pipeline->Illuminate\Routing\{closure}(Object(Illuminate\Http\Request))
#20 /var/www/html/laravel-test/vendor/laravel/framework/src/Illuminate/Pipeline/Pipeline.php(148): Illuminate\Foundation\Http\Middleware\TransformsRequest->handle(Object(Illuminate\Http\Request), Object(Closure))
#21 /var/www/html/laravel-test/vendor/laravel/framework/src/Illuminate/Routing/Pipeline.php(53): Illuminate\Pipeline\Pipeline->Illuminate\Pipeline\{closure}(Object(Illuminate\Http\Request))
#22 /var/www/html/laravel-test/vendor/laravel/framework/src/Illuminate/Foundation/Http/Middleware/TransformsRequest.php(30): Illuminate\Routing\Pipeline->Illuminate\Routing\{closure}(Object(Illuminate\Http\Request))
#23 /var/www/html/laravel-test/vendor/laravel/framework/src/Illuminate/Pipeline/Pipeline.php(148): Illuminate\Foundation\Http\Middleware\TransformsRequest->handle(Object(Illuminate\Http\Request), Object(Closure))
#24 /var/www/html/laravel-test/vendor/laravel/framework/src/Illuminate/Routing/Pipeline.php(53): Illuminate\Pipeline\Pipeline->Illuminate\Pipeline\{closure}(Object(Illuminate\Http\Request))
#25 /var/www/html/laravel-test/vendor/laravel/framework/src/Illuminate/Foundation/Http/Middleware/ValidatePostSize.php(27): Illuminate\Routing\Pipeline->Illuminate\Routing\{closure}(Object(Illuminate\Http\Request))
#26 /var/www/html/laravel-test/vendor/laravel/framework/src/Illuminate/Pipeline/Pipeline.php(148): Illuminate\Foundation\Http\Middleware\ValidatePostSize->handle(Object(Illuminate\Http\Request), Object(Closure))
#27 /var/www/html/laravel-test/vendor/laravel/framework/src/Illuminate/Routing/Pipeline.php(53): Illuminate\Pipeline\Pipeline->Illuminate\Pipeline\{closure}(Object(Illuminate\Http\Request))
#28 /var/www/html/laravel-test/vendor/laravel/framework/src/Illuminate/Foundation/Http/Middleware/CheckForMaintenanceMode.php(46): Illuminate\Routing\Pipeline->Illuminate\Routing\{closure}(Object(Illuminate\Http\Request))
#29 /var/www/html/laravel-test/vendor/laravel/framework/src/Illuminate/Pipeline/Pipeline.php(148): Illuminate\Foundation\Http\Middleware\CheckForMaintenanceMode->handle(Object(Illuminate\Http\Request), Object(Closure))
#30 /var/www/html/laravel-test/vendor/laravel/framework/src/Illuminate/Routing/Pipeline.php(53): Illuminate\Pipeline\Pipeline->Illuminate\Pipeline\{closure}(Object(Illuminate\Http\Request))
#31 /var/www/html/laravel-test/vendor/laravel/framework/src/Illuminate/Pipeline/Pipeline.php(102): Illuminate\Routing\Pipeline->Illuminate\Routing\{closure}(Object(Illuminate\Http\Request))
#32 /var/www/html/laravel-test/vendor/laravel/framework/src/Illuminate/Foundation/Http/Kernel.php(151): Illuminate\Pipeline\Pipeline->then(Object(Closure))
#33 /var/www/html/laravel-test/vendor/laravel/framework/src/Illuminate/Foundation/Http/Kernel.php(116): Illuminate\Foundation\Http\Kernel->sendRequestThroughRouter(Object(Illuminate\Http\Request))
#34 /var/www/html/laravel-test/public/index.php(53): Illuminate\Foundation\Http\Kernel->handle(Object(Illuminate\Http\Request))
#35 /var/www/html/laravel-test/server.php(21): require_once('/var/www/html/l...')
#36 {main}  
[2018-04-03 05:38:35] dev.ERROR: RuntimeException: The only supported ciphers are AES-128-CBC and AES-256-CBC with the correct key lengths. in /var/www/html/laravel-test/vendor/laravel/framework/src/Illuminate/Encryption/Encrypter.php:43
Stack trace:
#0 /var/www/html/laravel-test/vendor/laravel/framework/src/Illuminate/Encryption/EncryptionServiceProvider.php(27): Illuminate\Encryption\Encrypter->__construct('', 'AES-256-CBC')
#1 /var/www/html/laravel-test/vendor/laravel/framework/src/Illuminate/Container/Container.php(726): Illuminate\Encryption\EncryptionServiceProvider->Illuminate\Encryption\{closure}(Object(Illuminate\Foundation\Application), Array)
#2 /var/www/html/laravel-test/vendor/laravel/framework/src/Illuminate/Container/Container.php(608): Illuminate\Container\Container->build(Object(Closure))
#3 /var/www/html/laravel-test/vendor/laravel/framework/src/Illuminate/Container/Container.php(575): Illuminate\Container\Container->resolve('encrypter')
#4 /var/www/html/laravel-test/vendor/laravel/framework/src/Illuminate/Foundation/Application.php(728): Illuminate\Container\Container->make('encrypter')
#5 /var/www/html/laravel-test/vendor/laravel/framework/src/Illuminate/Container/Container.php(862): Illuminate\Foundation\Application->make('encrypter')
#6 /var/www/html/laravel-test/vendor/laravel/framework/src/Illuminate/Container/Container.php(790): Illuminate\Container\Container->resolveClass(Object(ReflectionParameter))
#7 /var/www/html/laravel-test/vendor/laravel/framework/src/Illuminate/Container/Container.php(757): Illuminate\Container\Container->resolveDependencies(Array)
#8 /var/www/html/laravel-test/vendor/laravel/framework/src/Illuminate/Container/Container.php(608): Illuminate\Container\Container->build('SantoshLaravel\\...')
#9 /var/www/html/laravel-test/vendor/laravel/framework/src/Illuminate/Container/Container.php(575): Illuminate\Container\Container->resolve('SantoshLaravel\\...')
#10 /var/www/html/laravel-test/vendor/laravel/framework/src/Illuminate/Foundation/Application.php(728): Illuminate\Container\Container->make('SantoshLaravel\\...')
#11 /var/www/html/laravel-test/vendor/laravel/framework/src/Illuminate/Foundation/Http/Kernel.php(215): Illuminate\Foundation\Application->make('SantoshLaravel\\...')
#12 /var/www/html/laravel-test/vendor/laravel/framework/src/Illuminate/Foundation/Http/Kernel.php(189): Illuminate\Foundation\Http\Kernel->terminateMiddleware(Object(Illuminate\Http\Request), Object(Illuminate\Http\Response))
#13 /var/www/html/laravel-test/public/index.php(58): Illuminate\Foundation\Http\Kernel->terminate(Object(Illuminate\Http\Request), Object(Illuminate\Http\Response))
#14 /var/www/html/laravel-test/server.php(21): require_once('/var/www/html/l...')
#15 {main}  
[2018-04-03 05:40:51] dev.ERROR: RuntimeException: The only supported ciphers are AES-128-CBC and AES-256-CBC with the correct key lengths. in /var/www/html/laravel-test/vendor/laravel/framework/src/Illuminate/Encryption/Encrypter.php:43
Stack trace:
#0 /var/www/html/laravel-test/vendor/laravel/framework/src/Illuminate/Encryption/EncryptionServiceProvider.php(27): Illuminate\Encryption\Encrypter->__construct('', 'AES-256-CBC')
#1 /var/www/html/laravel-test/vendor/laravel/framework/src/Illuminate/Container/Container.php(726): Illuminate\Encryption\EncryptionServiceProvider->Illuminate\Encryption\{closure}(Object(Illuminate\Foundation\Application), Array)
#2 /var/www/html/laravel-test/vendor/laravel/framework/src/Illuminate/Container/Container.php(608): Illuminate\Container\Container->build(Object(Closure))
#3 /var/www/html/laravel-test/vendor/laravel/framework/src/Illuminate/Container/Container.php(575): Illuminate\Container\Container->resolve('encrypter')
#4 /var/www/html/laravel-test/vendor/laravel/framework/src/Illuminate/Foundation/Application.php(728): Illuminate\Container\Container->make('encrypter')
#5 /var/www/html/laravel-test/vendor/laravel/framework/src/Illuminate/Container/Container.php(862): Illuminate\Foundation\Application->make('encrypter')
#6 /var/www/html/laravel-test/vendor/laravel/framework/src/Illuminate/Container/Container.php(790): Illuminate\Container\Container->resolveClass(Object(ReflectionParameter))
#7 /var/www/html/laravel-test/vendor/laravel/framework/src/Illuminate/Container/Container.php(757): Illuminate\Container\Container->resolveDependencies(Array)
#8 /var/www/html/laravel-test/vendor/laravel/framework/src/Illuminate/Container/Container.php(608): Illuminate\Container\Container->build('SantoshLaravel\\...')
#9 /var/www/html/laravel-test/vendor/laravel/framework/src/Illuminate/Container/Container.php(575): Illuminate\Container\Container->resolve('SantoshLaravel\\...')
#10 /var/www/html/laravel-test/vendor/laravel/framework/src/Illuminate/Foundation/Application.php(728): Illuminate\Container\Container->make('SantoshLaravel\\...')
#11 /var/www/html/laravel-test/vendor/laravel/framework/src/Illuminate/Pipeline/Pipeline.php(138): Illuminate\Foundation\Application->make('SantoshLaravel\\...')
#12 /var/www/html/laravel-test/vendor/laravel/framework/src/Illuminate/Routing/Pipeline.php(53): Illuminate\Pipeline\Pipeline->Illuminate\Pipeline\{closure}(Object(Illuminate\Http\Request))
#13 /var/www/html/laravel-test/vendor/laravel/framework/src/Illuminate/Pipeline/Pipeline.php(102): Illuminate\Routing\Pipeline->Illuminate\Routing\{closure}(Object(Illuminate\Http\Request))
#14 /var/www/html/laravel-test/vendor/laravel/framework/src/Illuminate/Routing/Router.php(574): Illuminate\Pipeline\Pipeline->then(Object(Closure))
#15 /var/www/html/laravel-test/vendor/laravel/framework/src/Illuminate/Routing/Router.php(533): Illuminate\Routing\Router->runRouteWithinStack(Object(Illuminate\Routing\Route), Object(Illuminate\Http\Request))
#16 /var/www/html/laravel-test/vendor/laravel/framework/src/Illuminate/Routing/Router.php(511): Illuminate\Routing\Router->dispatchToRoute(Object(Illuminate\Http\Request))
#17 /var/www/html/laravel-test/vendor/laravel/framework/src/Illuminate/Foundation/Http/Kernel.php(176): Illuminate\Routing\Router->dispatch(Object(Illuminate\Http\Request))
#18 /var/www/html/laravel-test/vendor/laravel/framework/src/Illuminate/Routing/Pipeline.php(30): Illuminate\Foundation\Http\Kernel->Illuminate\Foundation\Http\{closure}(Object(Illuminate\Http\Request))
#19 /var/www/html/laravel-test/vendor/laravel/framework/src/Illuminate/Foundation/Http/Middleware/TransformsRequest.php(30): Illuminate\Routing\Pipeline->Illuminate\Routing\{closure}(Object(Illuminate\Http\Request))
#20 /var/www/html/laravel-test/vendor/laravel/framework/src/Illuminate/Pipeline/Pipeline.php(148): Illuminate\Foundation\Http\Middleware\TransformsRequest->handle(Object(Illuminate\Http\Request), Object(Closure))
#21 /var/www/html/laravel-test/vendor/laravel/framework/src/Illuminate/Routing/Pipeline.php(53): Illuminate\Pipeline\Pipeline->Illuminate\Pipeline\{closure}(Object(Illuminate\Http\Request))
#22 /var/www/html/laravel-test/vendor/laravel/framework/src/Illuminate/Foundation/Http/Middleware/TransformsRequest.php(30): Illuminate\Routing\Pipeline->Illuminate\Routing\{closure}(Object(Illuminate\Http\Request))
#23 /var/www/html/laravel-test/vendor/laravel/framework/src/Illuminate/Pipeline/Pipeline.php(148): Illuminate\Foundation\Http\Middleware\TransformsRequest->handle(Object(Illuminate\Http\Request), Object(Closure))
#24 /var/www/html/laravel-test/vendor/laravel/framework/src/Illuminate/Routing/Pipeline.php(53): Illuminate\Pipeline\Pipeline->Illuminate\Pipeline\{closure}(Object(Illuminate\Http\Request))
#25 /var/www/html/laravel-test/vendor/laravel/framework/src/Illuminate/Foundation/Http/Middleware/ValidatePostSize.php(27): Illuminate\Routing\Pipeline->Illuminate\Routing\{closure}(Object(Illuminate\Http\Request))
#26 /var/www/html/laravel-test/vendor/laravel/framework/src/Illuminate/Pipeline/Pipeline.php(148): Illuminate\Foundation\Http\Middleware\ValidatePostSize->handle(Object(Illuminate\Http\Request), Object(Closure))
#27 /var/www/html/laravel-test/vendor/laravel/framework/src/Illuminate/Routing/Pipeline.php(53): Illuminate\Pipeline\Pipeline->Illuminate\Pipeline\{closure}(Object(Illuminate\Http\Request))
#28 /var/www/html/laravel-test/vendor/laravel/framework/src/Illuminate/Foundation/Http/Middleware/CheckForMaintenanceMode.php(46): Illuminate\Routing\Pipeline->Illuminate\Routing\{closure}(Object(Illuminate\Http\Request))
#29 /var/www/html/laravel-test/vendor/laravel/framework/src/Illuminate/Pipeline/Pipeline.php(148): Illuminate\Foundation\Http\Middleware\CheckForMaintenanceMode->handle(Object(Illuminate\Http\Request), Object(Closure))
#30 /var/www/html/laravel-test/vendor/laravel/framework/src/Illuminate/Routing/Pipeline.php(53): Illuminate\Pipeline\Pipeline->Illuminate\Pipeline\{closure}(Object(Illuminate\Http\Request))
#31 /var/www/html/laravel-test/vendor/laravel/framework/src/Illuminate/Pipeline/Pipeline.php(102): Illuminate\Routing\Pipeline->Illuminate\Routing\{closure}(Object(Illuminate\Http\Request))
#32 /var/www/html/laravel-test/vendor/laravel/framework/src/Illuminate/Foundation/Http/Kernel.php(151): Illuminate\Pipeline\Pipeline->then(Object(Closure))
#33 /var/www/html/laravel-test/vendor/laravel/framework/src/Illuminate/Foundation/Http/Kernel.php(116): Illuminate\Foundation\Http\Kernel->sendRequestThroughRouter(Object(Illuminate\Http\Request))
#34 /var/www/html/laravel-test/public/index.php(53): Illuminate\Foundation\Http\Kernel->handle(Object(Illuminate\Http\Request))
#35 /var/www/html/laravel-test/server.php(21): require_once('/var/www/html/l...')
#36 {main}  
[2018-04-03 05:40:51] dev.ERROR: RuntimeException: The only supported ciphers are AES-128-CBC and AES-256-CBC with the correct key lengths. in /var/www/html/laravel-test/vendor/laravel/framework/src/Illuminate/Encryption/Encrypter.php:43
Stack trace:
#0 /var/www/html/laravel-test/vendor/laravel/framework/src/Illuminate/Encryption/EncryptionServiceProvider.php(27): Illuminate\Encryption\Encrypter->__construct('', 'AES-256-CBC')
#1 /var/www/html/laravel-test/vendor/laravel/framework/src/Illuminate/Container/Container.php(726): Illuminate\Encryption\EncryptionServiceProvider->Illuminate\Encryption\{closure}(Object(Illuminate\Foundation\Application), Array)
#2 /var/www/html/laravel-test/vendor/laravel/framework/src/Illuminate/Container/Container.php(608): Illuminate\Container\Container->build(Object(Closure))
#3 /var/www/html/laravel-test/vendor/laravel/framework/src/Illuminate/Container/Container.php(575): Illuminate\Container\Container->resolve('encrypter')
#4 /var/www/html/laravel-test/vendor/laravel/framework/src/Illuminate/Foundation/Application.php(728): Illuminate\Container\Container->make('encrypter')
#5 /var/www/html/laravel-test/vendor/laravel/framework/src/Illuminate/Container/Container.php(862): Illuminate\Foundation\Application->make('encrypter')
#6 /var/www/html/laravel-test/vendor/laravel/framework/src/Illuminate/Container/Container.php(790): Illuminate\Container\Container->resolveClass(Object(ReflectionParameter))
#7 /var/www/html/laravel-test/vendor/laravel/framework/src/Illuminate/Container/Container.php(757): Illuminate\Container\Container->resolveDependencies(Array)
#8 /var/www/html/laravel-test/vendor/laravel/framework/src/Illuminate/Container/Container.php(608): Illuminate\Container\Container->build('SantoshLaravel\\...')
#9 /var/www/html/laravel-test/vendor/laravel/framework/src/Illuminate/Container/Container.php(575): Illuminate\Container\Container->resolve('SantoshLaravel\\...')
#10 /var/www/html/laravel-test/vendor/laravel/framework/src/Illuminate/Foundation/Application.php(728): Illuminate\Container\Container->make('SantoshLaravel\\...')
#11 /var/www/html/laravel-test/vendor/laravel/framework/src/Illuminate/Foundation/Http/Kernel.php(215): Illuminate\Foundation\Application->make('SantoshLaravel\\...')
#12 /var/www/html/laravel-test/vendor/laravel/framework/src/Illuminate/Foundation/Http/Kernel.php(189): Illuminate\Foundation\Http\Kernel->terminateMiddleware(Object(Illuminate\Http\Request), Object(Illuminate\Http\Response))
#13 /var/www/html/laravel-test/public/index.php(58): Illuminate\Foundation\Http\Kernel->terminate(Object(Illuminate\Http\Request), Object(Illuminate\Http\Response))
#14 /var/www/html/laravel-test/server.php(21): require_once('/var/www/html/l...')
#15 {main}  
[2018-04-03 05:41:05] dev.ERROR: ErrorException: file_get_contents(/var/www/html/laravel-test/.env): failed to open stream: No such file or directory in /var/www/html/laravel-test/vendor/laravel/framework/src/Illuminate/Foundation/Console/KeyGenerateCommand.php:95
Stack trace:
#0 [internal function]: Illuminate\Foundation\Bootstrap\HandleExceptions->handleError(2, 'file_get_conten...', '/var/www/html/l...', 95, Array)
#1 /var/www/html/laravel-test/vendor/laravel/framework/src/Illuminate/Foundation/Console/KeyGenerateCommand.php(95): file_get_contents('/var/www/html/l...')
#2 /var/www/html/laravel-test/vendor/laravel/framework/src/Illuminate/Foundation/Console/KeyGenerateCommand.php(79): Illuminate\Foundation\Console\KeyGenerateCommand->writeNewEnvironmentFileWith('base64:OHg2roHh...')
#3 /var/www/html/laravel-test/vendor/laravel/framework/src/Illuminate/Foundation/Console/KeyGenerateCommand.php(44): Illuminate\Foundation\Console\KeyGenerateCommand->setKeyInEnvironmentFile('base64:OHg2roHh...')
#4 [internal function]: Illuminate\Foundation\Console\KeyGenerateCommand->fire()
#5 /var/www/html/laravel-test/vendor/laravel/framework/src/Illuminate/Container/BoundMethod.php(29): call_user_func_array(Array, Array)
#6 /var/www/html/laravel-test/vendor/laravel/framework/src/Illuminate/Container/BoundMethod.php(87): Illuminate\Container\BoundMethod::Illuminate\Container\{closure}()
#7 /var/www/html/laravel-test/vendor/laravel/framework/src/Illuminate/Container/BoundMethod.php(31): Illuminate\Container\BoundMethod::callBoundMethod(Object(Illuminate\Foundation\Application), Array, Object(Closure))
#8 /var/www/html/laravel-test/vendor/laravel/framework/src/Illuminate/Container/Container.php(539): Illuminate\Container\BoundMethod::call(Object(Illuminate\Foundation\Application), Array, Array, NULL)
#9 /var/www/html/laravel-test/vendor/laravel/framework/src/Illuminate/Console/Command.php(182): Illuminate\Container\Container->call(Array)
#10 /var/www/html/laravel-test/vendor/symfony/console/Command/Command.php(252): Illuminate\Console\Command->execute(Object(Symfony\Component\Console\Input\ArgvInput), Object(Illuminate\Console\OutputStyle))
#11 /var/www/html/laravel-test/vendor/laravel/framework/src/Illuminate/Console/Command.php(167): Symfony\Component\Console\Command\Command->run(Object(Symfony\Component\Console\Input\ArgvInput), Object(Illuminate\Console\OutputStyle))
#12 /var/www/html/laravel-test/vendor/symfony/console/Application.php(938): Illuminate\Console\Command->run(Object(Symfony\Component\Console\Input\ArgvInput), Object(Symfony\Component\Console\Output\ConsoleOutput))
#13 /var/www/html/laravel-test/vendor/symfony/console/Application.php(240): Symfony\Component\Console\Application->doRunCommand(Object(Illuminate\Foundation\Console\KeyGenerateCommand), Object(Symfony\Component\Console\Input\ArgvInput), Object(Symfony\Component\Console\Output\ConsoleOutput))
#14 /var/www/html/laravel-test/vendor/symfony/console/Application.php(148): Symfony\Component\Console\Application->doRun(Object(Symfony\Component\Console\Input\ArgvInput), Object(Symfony\Component\Console\Output\ConsoleOutput))
#15 /var/www/html/laravel-test/vendor/laravel/framework/src/Illuminate/Foundation/Console/Kernel.php(122): Symfony\Component\Console\Application->run(Object(Symfony\Component\Console\Input\ArgvInput), Object(Symfony\Component\Console\Output\ConsoleOutput))
#16 /var/www/html/laravel-test/artisan(35): Illuminate\Foundation\Console\Kernel->handle(Object(Symfony\Component\Console\Input\ArgvInput), Object(Symfony\Component\Console\Output\ConsoleOutput))
#17 {main}  
